2019-03-29 16:51:08,008 INFO (RedisTest.java:36)- 人太多，抢不到!
2019-03-29 16:51:08,756 INFO (RedisTest.java:36)- 人太多，抢不到!
2019-03-29 16:51:09,476 INFO (RedisTest.java:36)- 人太多，抢不到!
2019-03-29 16:51:10,237 INFO (RedisTest.java:36)- 人太多，抢不到!
2019-03-29 16:51:10,892 INFO (RedisTest.java:36)- 人太多，抢不到!
2019-03-29 16:51:12,133 INFO (RedisTest.java:45)- 抢到了!
2019-03-29 16:51:19,548 INFO (RedisTest.java:36)- 人太多，抢不到!
2019-03-29 16:51:19,761 INFO (RedisTest.java:45)- 抢到了!
2019-03-29 16:51:21,584 INFO (RedisTest.java:36)- 人太多，抢不到!
2019-03-29 16:51:21,751 INFO (RedisTest.java:36)- 人太多，抢不到!
2019-03-29 16:51:21,997 INFO (RedisTest.java:36)- 人太多，抢不到!
2019-03-29 16:51:22,166 INFO (RedisTest.java:36)- 人太多，抢不到!
2019-03-29 16:51:22,422 INFO (RedisTest.java:36)- 人太多，抢不到!
2019-03-29 16:51:26,183 INFO (RedisTest.java:45)- 抢到了!
2019-03-29 16:51:45,420 INFO (RedisTest.java:45)- 抢到了!
2019-03-29 16:52:34,608 INFO (StartupInfoLogger.java:50)- Starting Application on USER-20150610QX with PID 7824 (started by Administrator in F:\桌面软件\电脑数据备份\springboot-learn)
2019-03-29 16:52:34,718 DEBUG (StartupInfoLogger.java:53)- Running with Spring Boot v2.1.3.RELEASE, Spring v5.1.5.RELEASE
2019-03-29 16:52:34,719 INFO (SpringApplication.java:675)- No active profile set, falling back to default profiles: default
2019-03-29 16:52:45,851 INFO (StartupInfoLogger.java:50)- Starting Application on USER-20150610QX with PID 8188 (started by Administrator in F:\桌面软件\电脑数据备份\springboot-learn)
2019-03-29 16:52:45,855 DEBUG (StartupInfoLogger.java:53)- Running with Spring Boot v2.1.3.RELEASE, Spring v5.1.5.RELEASE
2019-03-29 16:52:45,856 INFO (SpringApplication.java:675)- No active profile set, falling back to default profiles: default
